<?xml version="1.0" encoding="UTF-8"?>
<!-- Generated by org.testng.reporters.JUnitReportReporter -->
<testsuite hostname="USEAVDDD01PR130" failures="0" tests="3" name="tests.HomePageTests" time="0.019" errors="0" timestamp="2023-01-09T19:21:57 IST" skipped="0">
  <testcase classname="tests.HomePageTests" name="testMethod2" time="0.002"/>
  <system-out/>
  <testcase classname="tests.HomePageTests" name="testMethod1" time="0.016"/>
  <system-out/>
  <testcase classname="tests.HomePageTests" name="testMethod3" time="0.001"/>
  <system-out/>
</testsuite> <!-- tests.HomePageTests -->
